<?xml version="1.0" encoding="UTF-8"?>
<!-- Generated by org.testng.reporters.JUnitXMLReporter -->
<testsuite hostname="user-PC" name="Admin" tests="2" failures="2" timestamp="28 Jul 2018 04:43:59 GMT" time="71.337" errors="0">
  <testcase name="verifyAddEmployee" time="19.681" classname="com.orangehrm.tests.AddEmployeeTest">
    <failure type="java.lang.AssertionError" message="Actual empId: [0324] is not matching with Expected EmpId: [0348] expected [0348] but found [0324]">
      <![CDATA[java.lang.AssertionError: Actual empId: [0324] is not matching with Expected EmpId: [0348] expected [0348] but found [0324]
	at com.orangehrm.tests.AddEmployeeTest.verifyAddEmployee(AddEmployeeTest.java:28)
	at java.util.concurrent.FutureTask.run(FutureTask.java:266)
	at java.util.concurrent.ThreadPoolExecutor.runWorker(ThreadPoolExecutor.java:1142)
	at java.util.concurrent.ThreadPoolExecutor$Worker.run(ThreadPoolExecutor.java:617)
	at java.lang.Thread.run(Thread.java:745)
... Removed 21 stack frames]]>
    </failure>
  </testcase> <!-- verifyAddEmployee -->
  <testcase name="verifyAddEmployee1" time="19.245" classname="com.orangehrm.tests.AddEmployeeTest">
    <failure type="java.lang.AssertionError" message="Actual empId: [0324] is not matching with Expected EmpId: [0350] expected [0350] but found [0324]">
      <![CDATA[java.lang.AssertionError: Actual empId: [0324] is not matching with Expected EmpId: [0350] expected [0350] but found [0324]
	at com.orangehrm.tests.AddEmployeeTest.verifyAddEmployee1(AddEmployeeTest.java:46)
	at java.util.concurrent.FutureTask.run(FutureTask.java:266)
	at java.util.concurrent.ThreadPoolExecutor.runWorker(ThreadPoolExecutor.java:1142)
	at java.util.concurrent.ThreadPoolExecutor$Worker.run(ThreadPoolExecutor.java:617)
	at java.lang.Thread.run(Thread.java:745)
... Removed 21 stack frames]]>
    </failure>
  </testcase> <!-- verifyAddEmployee1 -->
</testsuite> <!-- Admin -->
