<?xml version="1.0" encoding="UTF-8"?>
<!-- Generated by org.testng.reporters.JUnitXMLReporter -->
<testsuite hostname="user-PC" name="pim" tests="2" failures="2" timestamp="28 Jul 2018 04:43:46 GMT" time="58.494" errors="0">
  <testcase name="verifyAddEmployee" time="18.705" classname="com.orangehrm.tests.AddEmployeeTest">
    <failure type="java.lang.AssertionError" message="Actual empId: [0324] is not matching with Expected EmpId: [0347] expected [0347] but found [0324]">
      <![CDATA[java.lang.AssertionError: Actual empId: [0324] is not matching with Expected EmpId: [0347] expected [0347] but found [0324]
	at com.orangehrm.tests.AddEmployeeTest.verifyAddEmployee(AddEmployeeTest.java:28)
	at java.util.concurrent.FutureTask.run(FutureTask.java:266)
	at java.util.concurrent.ThreadPoolExecutor.runWorker(ThreadPoolExecutor.java:1142)
	at java.util.concurrent.ThreadPoolExecutor$Worker.run(ThreadPoolExecutor.java:617)
	at java.lang.Thread.run(Thread.java:745)
... Removed 21 stack frames]]>
    </failure>
  </testcase> <!-- verifyAddEmployee -->
  <testcase name="verifyAddEmployee1" time="17.445" classname="com.orangehrm.tests.AddEmployeeTest">
    <failure type="java.lang.AssertionError" message="Actual empId: [0324] is not matching with Expected EmpId: [0349] expected [0349] but found [0324]">
      <![CDATA[java.lang.AssertionError: Actual empId: [0324] is not matching with Expected EmpId: [0349] expected [0349] but found [0324]
	at com.orangehrm.tests.AddEmployeeTest.verifyAddEmployee1(AddEmployeeTest.java:46)
	at java.util.concurrent.FutureTask.run(FutureTask.java:266)
	at java.util.concurrent.ThreadPoolExecutor.runWorker(ThreadPoolExecutor.java:1142)
	at java.util.concurrent.ThreadPoolExecutor$Worker.run(ThreadPoolExecutor.java:617)
	at java.lang.Thread.run(Thread.java:745)
... Removed 21 stack frames]]>
    </failure>
  </testcase> <!-- verifyAddEmployee1 -->
</testsuite> <!-- pim -->
