<?xml version="1.0" encoding="UTF-8"?>
<!-- Generated by org.testng.reporters.JUnitXMLReporter -->
<testsuite hostname="user-PC" name="pim" tests="2" failures="2" timestamp="28 Jul 2018 04:26:10 GMT" time="59.73" errors="0">
  <testcase name="verifyAddEmployee" time="19.101" classname="com.orangehrm.tests.AddEmployeeTest">
    <failure type="java.lang.AssertionError" message="Actual empId: [0324] is not matching with Expected EmpId: [0343] expected [0343] but found [0324]">
      <![CDATA[java.lang.AssertionError: Actual empId: [0324] is not matching with Expected EmpId: [0343] expected [0343] but found [0324]
	at com.orangehrm.tests.AddEmployeeTest.verifyAddEmployee(AddEmployeeTest.java:28)
... Removed 38 stack frames]]>
    </failure>
  </testcase> <!-- verifyAddEmployee -->
  <testcase name="verifyAddEmployee1" time="18.629" classname="com.orangehrm.tests.AddEmployeeTest">
    <failure type="java.lang.AssertionError" message="Actual empId: [0324] is not matching with Expected EmpId: [0344] expected [0344] but found [0324]">
      <![CDATA[java.lang.AssertionError: Actual empId: [0324] is not matching with Expected EmpId: [0344] expected [0344] but found [0324]
	at com.orangehrm.tests.AddEmployeeTest.verifyAddEmployee1(AddEmployeeTest.java:46)
... Removed 38 stack frames]]>
    </failure>
  </testcase> <!-- verifyAddEmployee1 -->
</testsuite> <!-- pim -->
