<?xml version="1.0" encoding="UTF-8"?>
<!-- Generated by org.testng.reporters.JUnitXMLReporter -->
<testsuite hostname="user-PC" name="admin" tests="6" failures="0" timestamp="11 Jul 2018 04:45:30 GMT" time="0.04" errors="0">
  <testcase name="test1" time="0.0" classname="testng.SecondTestNG"/>
  <testcase name="test2" time="0.0" classname="testng.SecondTestNG"/>
  <testcase name="test3" time="0.0" classname="testng.SecondTestNG"/>
  <testcase name="test4" time="0.0" classname="testng.FirstTestNG"/>
  <testcase name="test5" time="0.0" classname="testng.FirstTestNG"/>
  <testcase name="test6" time="0.01" classname="testng.FirstTestNG"/>
</testsuite> <!-- admin -->
