<?xml version="1.0" encoding="UTF-8"?>
<testng-results skipped="0" failed="0" total="1" passed="1">
  <reporter-output>
  </reporter-output>
  <suite name="Default suite" duration-ms="32039" started-at="2018-07-12T04:40:16Z" finished-at="2018-07-12T04:40:48Z">
    <groups>
    </groups>
    <test name="Default test" duration-ms="32039" started-at="2018-07-12T04:40:16Z" finished-at="2018-07-12T04:40:48Z">
      <class name="webdriverwithjava.OrangeHRMMain">
        <test-method status="PASS" signature="openApp()[pri:0, instance:webdriverwithjava.OrangeHRMMain@5c7fa833]" name="openApp" is-config="true" duration-ms="4664" started-at="2018-07-12T10:10:16Z" finished-at="2018-07-12T10:10:20Z">
          <reporter-output>
          </reporter-output>
        </test-method> <!-- openApp -->
        <test-method status="PASS" signature="login()[pri:0, instance:webdriverwithjava.OrangeHRMMain@5c7fa833]" name="login" is-config="true" duration-ms="3297" started-at="2018-07-12T10:10:20Z" depends-on-methods="webdriverwithjava.OrangeHRMBase.openApp" finished-at="2018-07-12T10:10:23Z">
          <reporter-output>
          </reporter-output>
        </test-method> <!-- login -->
        <test-method status="PASS" signature="verifyAddEmployee()[pri:2, instance:webdriverwithjava.OrangeHRMMain@5c7fa833]" name="verifyAddEmployee" duration-ms="15337" started-at="2018-07-12T10:10:23Z" finished-at="2018-07-12T10:10:39Z">
          <reporter-output>
          </reporter-output>
        </test-method> <!-- verifyAddEmployee -->
        <test-method status="PASS" signature="logout()[pri:0, instance:webdriverwithjava.OrangeHRMMain@5c7fa833]" name="logout" is-config="true" duration-ms="6647" started-at="2018-07-12T10:10:39Z" finished-at="2018-07-12T10:10:45Z">
          <reporter-output>
          </reporter-output>
        </test-method> <!-- logout -->
        <test-method status="PASS" signature="closeBrowser()[pri:0, instance:webdriverwithjava.OrangeHRMMain@5c7fa833]" name="closeBrowser" is-config="true" duration-ms="2070" started-at="2018-07-12T10:10:45Z" depends-on-methods="webdriverwithjava.OrangeHRMBase.logout" finished-at="2018-07-12T10:10:48Z">
          <reporter-output>
          </reporter-output>
        </test-method> <!-- closeBrowser -->
      </class> <!-- webdriverwithjava.OrangeHRMMain -->
    </test> <!-- Default test -->
  </suite> <!-- Default suite -->
</testng-results>
