<?xml version="1.0" encoding="UTF-8"?>
<testng-results skipped="0" failed="0" total="1" passed="1">
  <reporter-output>
  </reporter-output>
  <suite name="Default suite" duration-ms="33393" started-at="2018-07-13T05:33:12Z" finished-at="2018-07-13T05:33:45Z">
    <groups>
    </groups>
    <test name="Default test" duration-ms="33393" started-at="2018-07-13T05:33:12Z" finished-at="2018-07-13T05:33:45Z">
      <class name="pom.AddEmployeeTest">
        <test-method status="PASS" signature="openApp()[pri:0, instance:pom.AddEmployeeTest@457e2f02]" name="openApp" is-config="true" duration-ms="6640" started-at="2018-07-13T11:03:12Z" finished-at="2018-07-13T11:03:18Z">
          <reporter-output>
          </reporter-output>
        </test-method> <!-- openApp -->
        <test-method status="PASS" signature="verifyAddEmployee()[pri:0, instance:pom.AddEmployeeTest@457e2f02]" name="verifyAddEmployee" duration-ms="26689" started-at="2018-07-13T11:03:18Z" finished-at="2018-07-13T11:03:45Z">
          <reporter-output>
          </reporter-output>
        </test-method> <!-- verifyAddEmployee -->
        <test-method status="PASS" signature="closeBrowser()[pri:0, instance:pom.AddEmployeeTest@457e2f02]" name="closeBrowser" is-config="true" duration-ms="51" started-at="2018-07-13T11:03:45Z" finished-at="2018-07-13T11:03:45Z">
          <reporter-output>
          </reporter-output>
        </test-method> <!-- closeBrowser -->
      </class> <!-- pom.AddEmployeeTest -->
    </test> <!-- Default test -->
  </suite> <!-- Default suite -->
</testng-results>
